#
# A fatal error has been detected by the Java Runtime Environment:
#
#  EXCEPTION_ACCESS_VIOLATION (0xc0000005) at pc=0x00007ffc4d9426c4, pid=22008, tid=27596
#
# JRE version: OpenJDK Runtime Environment (24.0.1+9) (build 24.0.1+9-30)
# Java VM: OpenJDK 64-Bit Server VM (24.0.1+9-30, mixed mode, emulated-client, sharing, tiered, compressed oops, compressed class ptrs, g1 gc, windows-amd64)
# Problematic frame:
# C  [libasyncProfiler.dll+0x926c4]
#
# No core dump will be written. Minidumps are not enabled by default on client versions of Windows
#
# JFR recording file will be written. Location: C:\Users\jorge.JORGENSDESKTOP\IdeaProjects\Weekly Task DB1\hs_err_pid22008.jfr
#
# If you would like to submit a bug report, please visit:
#   https://bugreport.java.com/bugreport/crash.jsp
# The crash happened outside the Java Virtual Machine in native code.
# See problematic frame for where to report the bug.
#

---------------  S U M M A R Y ------------

Command Line: -XX:TieredStopAtLevel=1 -Dspring.output.ansi.enabled=always -Dcom.sun.management.jmxremote -Dspring.jmx.enabled=true -Dspring.liveBeansView.mbeanDomain -Dspring.application.admin.enabled=true -Dmanagement.endpoints.jmx.exposure.include=* -javaagent:C:\Program Files\JetBrains\IntelliJ IDEA 2025.1\lib\idea_rt.jar=56250 -Dfile.encoding=UTF-8 -Dsun.stdout.encoding=UTF-8 -Dsun.stderr.encoding=UTF-8 com.example.weeklytaskdb1.WeeklyTaskDb1Application

Host: AMD Ryzen 7 3700X 8-Core Processor             , 16 cores, 15G,  Windows 11 , 64 bit Build 26100 (10.0.26100.3775)
Time: Wed May  7 22:10:38 2025 W. Europe Daylight Time elapsed time: 200.347589 seconds (0d 0h 3m 20s)

---------------  T H R E A D  ---------------

Current thread (0x000001f0b19a9f30):  JavaThread "Attach Listener" daemon [_thread_in_native, id=27596, stack(0x000000054d100000,0x000000054d200000) (1024K)]

Stack: [0x000000054d100000,0x000000054d200000],  sp=0x000000054d1fefd0,  free space=1019k
Native frames: (J=compiled Java code, j=interpreted, Vv=VM code, C=native code)
C  [libasyncProfiler.dll+0x926c4]  (no source info available)
C  [libasyncProfiler.dll+0x92b9b]  (no source info available)
C  [libasyncProfiler.dll+0x917f4]  (no source info available)
C  [libasyncProfiler.dll+0x9206a]  (no source info available)
C  [libasyncProfiler.dll+0x8cc21]  (no source info available)
C  [libasyncProfiler.dll+0x7e5e1]  (no source info available)
C  [libasyncProfiler.dll+0x7d2f8]  (no source info available)
C  [libasyncProfiler.dll+0x7d1e0]  (no source info available)
C  [libasyncProfiler.dll+0x841b9]  (no source info available)
V  [jvm.dll+0x57eff7]  (no source info available)
V  [jvm.dll+0x57fdac]  (no source info available)
V  [jvm.dll+0x14ca17]  (no source info available)
V  [jvm.dll+0x14dfe1]  (no source info available)
V  [jvm.dll+0x42f456]  (no source info available)
V  [jvm.dll+0x87d76b]  (no source info available)
V  [jvm.dll+0x72ee55]  (no source info available)
C  [ucrtbase.dll+0x37b0]  (no source info available)
C  [KERNEL32.DLL+0x2e8d7]  (no source info available)
C  [ntdll.dll+0xb14fc]  (no source info available)


siginfo: EXCEPTION_ACCESS_VIOLATION (0xc0000005), reading address 0xffffffffffffffff


Registers:
RAX=0x0000000000000010, RBX=0x0000000000000000, RCX=0xffffffffffffffff, RDX=0x007ffc471e300010
RSP=0x000000054d1fefd0, RBP=0x000001f0f7681618, RSI=0x000000054d1ff140, RDI=0x000001f0f7681618
R8 =0x0000000000000042, R9 =0x00000007ffc043a0, R10=0x00007ffc47459fb0, R11=0x0000000000000018
R12=0x000000054d1ff140, R13=0x000001f0f954fb90, R14=0x000001f0b19aa2f8, R15=0x000001f0b19aa2f8
RIP=0x00007ffc4d9426c4, EFLAGS=0x0000000000010202

XMM[0]=0x0000000000000000 0x0000000000000000
XMM[1]=0x0000000000000000 0x0000000000000000
XMM[2]=0x0000000000000000 0x0000000000000000
XMM[3]=0x0000000000000000 0x0000000000000000
XMM[4]=0x0000000000000000 0x0000000000000000
XMM[5]=0x0000000000000000 0x0000000000000000
XMM[6]=0x0000000000000000 0x0000000000000000
XMM[7]=0x0000000000000000 0x0000000000000000
XMM[8]=0x0000000000000000 0x0000000000000000
XMM[9]=0x0000000000000000 0x0000000000000000
XMM[10]=0x0000000000000000 0x0000000000000000
XMM[11]=0x0000000000000000 0x0000000000000000
XMM[12]=0x0000000000000000 0x0000000000000000
XMM[13]=0x0000000000000000 0x0000000000000000
XMM[14]=0x0000000000000000 0x0000000000000000
XMM[15]=0x0000000000000000 0x0000000000000000
  MXCSR=0x00001fa0


Register to memory mapping:

RAX=0x0000000000000010 is an unknown value
RBX=0x0 is null
RCX=0xffffffffffffffff is an unknown value
RDX=0x007ffc471e300010 is an unknown value
RSP=0x000000054d1fefd0 is pointing into the stack for thread: 0x000001f0b19a9f30
RBP=0x000001f0f7681618 points into unknown readable memory: 0x00000007ffc043a0 | a0 43 c0 ff 07 00 00 00
RSI=0x000000054d1ff140 is pointing into the stack for thread: 0x000001f0b19a9f30
RDI=0x000001f0f7681618 points into unknown readable memory: 0x00000007ffc043a0 | a0 43 c0 ff 07 00 00 00
R8 =0x0000000000000042 is an unknown value
R9 =0x00000007ffc043a0 is an oop: java.lang.ref.Reference$ReferenceHandler 
{0x00000007ffc043a0} - klass: 'java/lang/ref/Reference$ReferenceHandler' - flags: 

 - ---- fields (total size 14 words):
 - 'threadLocalRandomProbe' 'I' @12  0 (0x00000000)
 - private volatile 'eetop' 'J' @16  2133283470608 (0x000001f0b19a7d10)
 - private final 'tid' 'J' @24  15 (0x000000000000000f)
 - 'threadLocalRandomSeed' 'J' @32  0 (0x0000000000000000)
 - injected 'jvmti_thread_state' 'J' @40  2134486389072 (0x000001f0f94d9150)
 - 'threadLocalRandomSecondarySeed' 'I' @48  0 (0x00000000)
 - injected 'jvmti_VTMS_transition_disable_count' 'I' @52  0 (0x00000000)
 - injected 'jfr_epoch' 'S' @56  0 (0x0000)
 - volatile 'interrupted' 'Z' @58  false (0x00)
 - injected 'jvmti_is_in_VTMS_transition' 'Z' @59  false (0x00)
 - private volatile 'name' 'Ljava/lang/String;' @60  "Reference Handler"{0x00000007ff674788} (0xffece8f1)
 - private volatile 'contextClassLoader' 'Ljava/lang/ClassLoader;' @64  null (0x00000000)
 - private final 'holder' 'Ljava/lang/Thread$FieldHolder;' @68  a 'java/lang/Thread$FieldHolder'{0x000000070122aa00} (0xe0245540)
 - 'threadLocals' 'Ljava/lang/ThreadLocal$ThreadLocalMap;' @72  null (0x00000000)
 - 'inheritableThreadLocals' 'Ljava/lang/ThreadLocal$ThreadLocalMap;' @76  null (0x00000000)
 - private 'scopedValueBindings' 'Ljava/lang/Object;' @80  a 'java/lang/Class'{0x00000007ff650550} = 'java/lang/Thread' (0xffeca0aa)
 - final 'interruptLock' 'Ljava/lang/Object;' @84  a 'java/lang/Object'{0x000000070122a9f0} (0xe024553e)
 - private volatile 'parkBlocker' 'Ljava/lang/Object;' @88  null (0x00000000)
 - private 'nioBlocker' 'Lsun/nio/ch/Interruptible;' @92  null (0x00000000)
 - private 'cont' 'Ljdk/internal/vm/Continuation;' @96  null (0x00000000)
 - private volatile 'uncaughtExceptionHandler' 'Ljava/lang/Thread$UncaughtExceptionHandler;' @100  null (0x00000000)
 - private 'container' 'Ljdk/internal/vm/ThreadContainer;' @104  null (0x00000000)
 - private volatile 'headStackableScopes' 'Ljdk/internal/vm/StackableScope;' @108  null (0x00000000)
R10=0x00007ffc47459fb0 jvm.dll
R11=0x0000000000000018 is an unknown value
R12=0x000000054d1ff140 is pointing into the stack for thread: 0x000001f0b19a9f30
R13=0x000001f0f954fb90 points into unknown readable memory: 0x00007ffc473ca510 | 10 a5 3c 47 fc 7f 00 00
R14=0x000001f0b19aa2f8 points into unknown readable memory: 0x00007ffc473c17b0 | b0 17 3c 47 fc 7f 00 00
R15=0x000001f0b19aa2f8 points into unknown readable memory: 0x00007ffc473c17b0 | b0 17 3c 47 fc 7f 00 00

Top of Stack: (sp=0x000000054d1fefd0)
0x000000054d1fefd0:   000000054d1ff140 000001f0f7681618   @..M......h.....
0x000000054d1fefe0:   0000000000000000 000001f0b19adbf0   ................
0x000000054d1feff0:   000000000000003c 00007ffc4d942b9b   <........+.M....
0x000000054d1ff000:   0000000000000000 000001f0b19aa2f8   ................
0x000000054d1ff010:   000000054d1ff101 0000000000000000   ...M............
0x000000054d1ff020:   000001f0f97db780 00007ffc4d9417f4   ..}........M....
0x000000054d1ff030:   0000000000000000 000000000000003c   ........<.......
0x000000054d1ff040:   0000000000000000 000000000000003c   ........<.......
0x000000054d1ff050:   00000021f76c5cd8 000001f0f97dbbc0   .\l.!.....}.....
0x000000054d1ff060:   000001f0f97db780 000001f0f97db870   ..}.....p.}.....
0x000000054d1ff070:   000001f0f97db87c 00000000000073f8   |.}......s......
0x000000054d1ff080:   0000000000000000 0000000000000000   ................
0x000000054d1ff090:   0000000000000000 00007ffc46c257d4   .........W.F....
0x000000054d1ff0a0:   00007ffc4da84ca0 00000000000055f8   .L.M.....U......
0x000000054d1ff0b0:   00007ffc4da84ca0 00000000ffffffff   .L.M............
0x000000054d1ff0c0:   0000000000000000 00007ffc4d94206a   ........j .M....
0x000000054d1ff0d0:   000001f0b19aa2f8 0000000000000000   ................
0x000000054d1ff0e0:   000000054d1ff149 000001f0f954fb90   I..M......T.....
0x000000054d1ff0f0:   0000000000000004 0000000000000048   ........H.......
0x000000054d1ff100:   0000000800800310 0000000000000020   ........ .......
0x000000054d1ff110:   000001f0b19aa2f8 00007ffc4da84ca0   .........L.M....
0x000000054d1ff120:   000001f09dcd4320 000001f0f94d9150    C......P.M.....
0x000000054d1ff130:   0000000800800390 000001f0b19aa2f8   ................
0x000000054d1ff140:   000001f0fb2ddda0 000001f0fb2de520   ..-..... .-.....
0x000000054d1ff150:   000001f0fb2de520 00007ffc4da84ca0    .-......L.M....
0x000000054d1ff160:   000001f0f76c5cd8 000000054d1ff2d8   .\l........M....
0x000000054d1ff170:   000000054d1ff410 0000000000008840   ...M....@.......
0x000000054d1ff180:   000000054d1ff5f0 00007ffc4da84cf0   ...M.....L.M....
0x000000054d1ff190:   0000000000989680 0000000000989680   ................
0x000000054d1ff1a0:   000000054d1ff2b0 00007ffc4d93cc21   ...M....!..M....
0x000000054d1ff1b0:   00007ffc4da84ca0 00007ffc4da84cf8   .L.M.....L.M....
0x000000054d1ff1c0:   00007ffc00000000 00007ffc00000001   ................

Instructions: (pc=0x00007ffc4d9426c4)
  0x00007ffc4d9425c4:   cc cc cc cc cc cc cc cc cc cc cc cc cc cc cc cc
  0x00007ffc4d9425d4:   cc cc cc cc cc cc cc cc cc cc cc cc cc cc cc cc
  0x00007ffc4d9425e4:   cc cc cc cc cc cc cc cc cc cc cc cc cc cc cc cc
  0x00007ffc4d9425f4:   cc cc cc cc cc cc cc cc cc cc cc cc cc cc cc cc
  0x00007ffc4d942604:   cc cc cc cc cc cc cc cc cc cc cc cc cc cc cc cc
  0x00007ffc4d942614:   cc cc cc cc cc cc cc cc cc cc cc cc cc cc cc cc
  0x00007ffc4d942624:   cc cc cc cc cc cc cc cc cc cc cc cc cc cc cc cc
  0x00007ffc4d942634:   cc cc cc cc cc cc cc cc cc cc cc cc cc cc cc cc
  0x00007ffc4d942644:   cc cc cc cc cc cc cc cc cc cc cc cc 40 57 48 83
  0x00007ffc4d942654:   ec 20 48 8b f9 48 8b 0d 10 28 14 00 48 85 c9 74
  0x00007ffc4d942664:   20 48 8b 01 48 8d 54 24 38 41 b8 06 00 01 00 4c
  0x00007ffc4d942674:   8b 48 30 41 ff d1 85 c0 75 07 48 8b 4c 24 38 eb
  0x00007ffc4d942684:   02 33 c9 4c 8b 05 ea 28 14 00 48 89 5c 24 30 4d
  0x00007ffc4d942694:   85 c0 74 4a 48 8b 01 48 8b d7 4c 8b 88 28 03 00
  0x00007ffc4d9426a4:   00 41 ff d1 48 85 c0 74 35 48 63 0d f8 e6 13 00
  0x00007ffc4d9426b4:   48 8b 14 01 48 85 d2 74 15 48 63 05 fc e6 13 00
=>0x00007ffc4d9426c4:   8b 04 10 48 8b 5c 24 30 48 83 c4 20 5f c3 b8 ff
  0x00007ffc4d9426d4:   ff ff ff 48 8b 5c 24 30 48 83 c4 20 5f c3 80 3d
  0x00007ffc4d9426e4:   9b 27 14 00 00 bb ff ff ff ff 74 20 4c 8b 0d 31
  0x00007ffc4d9426f4:   24 14 00 4c 8d 44 24 38 48 8b 0d 15 24 14 00 48
  0x00007ffc4d942704:   8b d7 41 ff d1 85 c0 0f 44 5c 24 38 8b c3 48 8b
  0x00007ffc4d942714:   5c 24 30 48 83 c4 20 5f c3 cc cc cc cc cc cc cc
  0x00007ffc4d942724:   cc cc cc cc cc cc cc cc cc cc cc cc cc cc cc cc
  0x00007ffc4d942734:   cc cc cc cc cc cc cc cc cc cc cc cc cc cc cc cc
  0x00007ffc4d942744:   cc cc cc cc cc cc cc cc cc cc cc cc 48 89 54 24
  0x00007ffc4d942754:   10 53 55 56 57 41 56 41 57 48 83 ec 28 48 8b f2
  0x00007ffc4d942764:   4c 8b f1 48 89 4c 24 78 45 33 ff 44 89 7c 24 68
  0x00007ffc4d942774:   c7 44 24 60 01 00 00 00 48 8d 4c 24 68 e8 ed 42
  0x00007ffc4d942784:   f7 ff 8b d8 48 8d 4c 24 60 e8 e1 42 f7 ff 8b e8
  0x00007ffc4d942794:   49 8b ce e8 00 fc f6 ff 48 8b f8 90 8b c3 f0 0f
  0x00007ffc4d9427a4:   b1 2f 74 04 f3 90 eb f4 4c 89 3e 4c 89 7e 08 4c
  0x00007ffc4d9427b4:   89 7e 10 49 8b 6e 08 4d 8b 76 10 49 3b ee 0f 84


Stack slot to memory mapping:

stack at sp + 0 slots: 0x000000054d1ff140 is pointing into the stack for thread: 0x000001f0b19a9f30
stack at sp + 1 slots: 0x000001f0f7681618 points into unknown readable memory: 0x00000007ffc043a0 | a0 43 c0 ff 07 00 00 00
stack at sp + 2 slots: 0x0 is null
stack at sp + 3 slots: 0x000001f0b19adbf0 points into unknown readable memory: 0x6e616c2e6176616a | 6a 61 76 61 2e 6c 61 6e
stack at sp + 4 slots: 0x000000000000003c is an unknown value
stack at sp + 5 slots: 0x00007ffc4d942b9b libasyncProfiler.dll
stack at sp + 6 slots: 0x0 is null
stack at sp + 7 slots: 0x000001f0b19aa2f8 points into unknown readable memory: 0x00007ffc473c17b0 | b0 17 3c 47 fc 7f 00 00

Lock stack of current Java thread (top to bottom):


---------------  P R O C E S S  ---------------

Threads class SMR info:
_java_thread_list=0x000001f0f768bfd0, length=37, elements={
0x000001f0b19a7d10, 0x000001f0b19a8450, 0x000001f0b19a8df0, 0x000001f0b19a9f30,
0x000001f0b19aa680, 0x000001f0b19aadd0, 0x000001f0b19b94a0, 0x000001f0b19ac3c0,
0x000001f0b19acb10, 0x000001f0b19ab520, 0x000001f0b19abc70, 0x000001f0f7802b20,
0x000001f0f7801c80, 0x000001f0f78023d0, 0x000001f0f7804110, 0x000001f0f7800de0,
0x000001f0f7806cf0, 0x000001f0f7807b90, 0x000001f0f78065a0, 0x000001f0f7805e50,
0x000001f0f7805700, 0x000001f0f7804860, 0x000001f0f7804fb0, 0x000001f0f968cda0,
0x000001f0f968b060, 0x000001f0f968c650, 0x000001f0f968dc40, 0x000001f0f968d4f0,
0x000001f0f968e390, 0x000001f0f968b7b0, 0x000001f0f968bf00, 0x000001f0f96be7b0,
0x000001f0f96be060, 0x000001f0f96bb480, 0x000001f0f96bef00, 0x000001f0f9f24290,
0x000001f0f96bbbd0
}

Java Threads: ( => current thread )
  0x000001f0b19a7d10 JavaThread "Reference Handler"          daemon [_thread_blocked, id=14528, stack(0x000000054ce00000,0x000000054cf00000) (1024K)]
  0x000001f0b19a8450 JavaThread "Finalizer"                  daemon [_thread_blocked, id=13332, stack(0x000000054cf00000,0x000000054d000000) (1024K)]
  0x000001f0b19a8df0 JavaThread "Signal Dispatcher"          daemon [_thread_blocked, id=17840, stack(0x000000054d000000,0x000000054d100000) (1024K)]
=>0x000001f0b19a9f30 JavaThread "Attach Listener"            daemon [_thread_in_native, id=27596, stack(0x000000054d100000,0x000000054d200000) (1024K)]
  0x000001f0b19aa680 JavaThread "Service Thread"             daemon [_thread_blocked, id=17888, stack(0x000000054d200000,0x000000054d300000) (1024K)]
  0x000001f0b19aadd0 JavaThread "Monitor Deflation Thread"   daemon [_thread_blocked, id=7356, stack(0x000000054d300000,0x000000054d400000) (1024K)]
  0x000001f0b19b94a0 JavaThread "C1 CompilerThread0"         daemon [_thread_blocked, id=27280, stack(0x000000054d400000,0x000000054d500000) (1024K)]
  0x000001f0b19ac3c0 JavaThread "Common-Cleaner"             daemon [_thread_blocked, id=5132, stack(0x000000054d800000,0x000000054d900000) (1024K)]
  0x000001f0b19acb10 JavaThread "Monitor Ctrl-Break"         daemon [_thread_in_native, id=8752, stack(0x000000054d900000,0x000000054da00000) (1024K)]
  0x000001f0b19ab520 JavaThread "Notification Thread"        daemon [_thread_blocked, id=13356, stack(0x000000054da00000,0x000000054db00000) (1024K)]
  0x000001f0b19abc70 JavaThread "RMI TCP Accept-0"           daemon [_thread_in_native, id=28776, stack(0x000000054db00000,0x000000054dc00000) (1024K)]
  0x000001f0f7802b20 JavaThread "RMI Scheduler(0)"           daemon [_thread_blocked, id=22768, stack(0x000000054dd00000,0x000000054de00000) (1024K)]
  0x000001f0f7801c80 JavaThread "JMX server connection timeout 40" daemon [_thread_blocked, id=9476, stack(0x000000054de00000,0x000000054df00000) (1024K)]
  0x000001f0f78023d0 JavaThread "Catalina-utility-1"                [_thread_blocked, id=21280, stack(0x000000054f000000,0x000000054f100000) (1024K)]
  0x000001f0f7804110 JavaThread "Catalina-utility-2"                [_thread_blocked, id=18724, stack(0x000000054f100000,0x000000054f200000) (1024K)]
  0x000001f0f7800de0 JavaThread "container-0"                       [_thread_blocked, id=18516, stack(0x000000054f200000,0x000000054f300000) (1024K)]
  0x000001f0f7806cf0 JavaThread "PostgreSQL-JDBC-Cleaner"    daemon [_thread_blocked, id=26980, stack(0x000000054f400000,0x000000054f500000) (1024K)]
  0x000001f0f7807b90 JavaThread "HikariPool-1 housekeeper"   daemon [_thread_blocked, id=18604, stack(0x000000054f500000,0x000000054f600000) (1024K)]
  0x000001f0f78065a0 JavaThread "File Watcher"               daemon [_thread_blocked, id=27692, stack(0x000000054f700000,0x000000054f800000) (1024K)]
  0x000001f0f7805e50 JavaThread "Live Reload Server"         daemon [_thread_in_native, id=4472, stack(0x000000054f900000,0x000000054fa00000) (1024K)]
  0x000001f0f7805700 JavaThread "http-nio-8080-exec-1"       daemon [_thread_blocked, id=27232, stack(0x000000054f800000,0x000000054f900000) (1024K)]
  0x000001f0f7804860 JavaThread "http-nio-8080-exec-2"       daemon [_thread_blocked, id=8892, stack(0x000000054fa00000,0x000000054fb00000) (1024K)]
  0x000001f0f7804fb0 JavaThread "http-nio-8080-exec-3"       daemon [_thread_blocked, id=5676, stack(0x000000054fb00000,0x000000054fc00000) (1024K)]
  0x000001f0f968cda0 JavaThread "http-nio-8080-exec-4"       daemon [_thread_blocked, id=26392, stack(0x000000054fc00000,0x000000054fd00000) (1024K)]
  0x000001f0f968b060 JavaThread "http-nio-8080-exec-5"       daemon [_thread_blocked, id=15812, stack(0x000000054fd00000,0x000000054fe00000) (1024K)]
  0x000001f0f968c650 JavaThread "http-nio-8080-exec-6"       daemon [_thread_blocked, id=13664, stack(0x000000054fe00000,0x000000054ff00000) (1024K)]
  0x000001f0f968dc40 JavaThread "http-nio-8080-exec-7"       daemon [_thread_blocked, id=28412, stack(0x000000054ff00000,0x0000000550000000) (1024K)]
  0x000001f0f968d4f0 JavaThread "http-nio-8080-exec-8"       daemon [_thread_blocked, id=24080, stack(0x0000000550000000,0x0000000550100000) (1024K)]
  0x000001f0f968e390 JavaThread "http-nio-8080-exec-9"       daemon [_thread_blocked, id=29496, stack(0x0000000550100000,0x0000000550200000) (1024K)]
  0x000001f0f968b7b0 JavaThread "http-nio-8080-exec-10"      daemon [_thread_blocked, id=10184, stack(0x0000000550200000,0x0000000550300000) (1024K)]
  0x000001f0f968bf00 JavaThread "http-nio-8080-Poller"       daemon [_thread_in_native, id=4924, stack(0x0000000550300000,0x0000000550400000) (1024K)]
  0x000001f0f96be7b0 JavaThread "http-nio-8080-Acceptor"     daemon [_thread_in_native, id=18504, stack(0x0000000550400000,0x0000000550500000) (1024K)]
  0x000001f0f96be060 JavaThread "DestroyJavaVM"                     [_thread_blocked, id=17572, stack(0x000000054c600000,0x000000054c700000) (1024K)]
  0x000001f0f96bb480 JavaThread "RMI TCP Connection(3)-10.0.0.5" daemon [_thread_in_native, id=29164, stack(0x000000054df00000,0x000000054e000000) (1024K)]
  0x000001f0f96bef00 JavaThread "JFR Recorder Thread"        daemon [_thread_in_native, id=24092, stack(0x000000054c300000,0x000000054c400000) (1024K)]
  0x000001f0f9f24290 JavaThread "C1 CompilerThread1"         daemon [_thread_blocked, id=23832, stack(0x000000054c400000,0x000000054c500000) (1024K)]
  0x000001f0f96bbbd0 JavaThread "JFR Periodic Tasks"         daemon [_thread_blocked, id=29688, stack(0x000000054c500000,0x000000054c600000) (1024K)]
Total: 37

Other Threads:
  0x000001f0b19991d0 VMThread "VM Thread"                           [id=26996, stack(0x000000054cd00000,0x000000054ce00000) (1024K)]
  0x000001f0b198de80 WatcherThread "VM Periodic Task Thread"        [id=25244, stack(0x000000054cc00000,0x000000054cd00000) (1024K)]
  0x000001f09dc91c70 WorkerThread "GC Thread#0"                     [id=3920, stack(0x000000054c700000,0x000000054c800000) (1024K)]
  0x000001f0f8247fe0 WorkerThread "GC Thread#1"                     [id=10700, stack(0x000000054e100000,0x000000054e200000) (1024K)]
  0x000001f0f82487a0 WorkerThread "GC Thread#2"                     [id=3992, stack(0x000000054e200000,0x000000054e300000) (1024K)]
  0x000001f0f8248b50 WorkerThread "GC Thread#3"                     [id=14544, stack(0x000000054e300000,0x000000054e400000) (1024K)]
  0x000001f0f8249310 WorkerThread "GC Thread#4"                     [id=14532, stack(0x000000054e400000,0x000000054e500000) (1024K)]
  0x000001f0f82496c0 WorkerThread "GC Thread#5"                     [id=16292, stack(0x000000054e500000,0x000000054e600000) (1024K)]
  0x000001f0f8272d80 WorkerThread "GC Thread#6"                     [id=27516, stack(0x000000054e600000,0x000000054e700000) (1024K)]
  0x000001f0f8206840 WorkerThread "GC Thread#7"                     [id=9080, stack(0x000000054e700000,0x000000054e800000) (1024K)]
  0x000001f0f8206fa0 WorkerThread "GC Thread#8"                     [id=29516, stack(0x000000054e900000,0x000000054ea00000) (1024K)]
  0x000001f0f8206bf0 WorkerThread "GC Thread#9"                     [id=1944, stack(0x000000054ea00000,0x000000054eb00000) (1024K)]
  0x000001f0f8961640 WorkerThread "GC Thread#10"                    [id=23600, stack(0x000000054eb00000,0x000000054ec00000) (1024K)]
  0x000001f0f8960780 WorkerThread "GC Thread#11"                    [id=3172, stack(0x000000054ec00000,0x000000054ed00000) (1024K)]
  0x000001f0f8963770 WorkerThread "GC Thread#12"                    [id=26900, stack(0x000000054ed00000,0x000000054ee00000) (1024K)]
  0x000001f09dca6a50 ConcurrentGCThread "G1 Main Marker"            [id=29300, stack(0x000000054c800000,0x000000054c900000) (1024K)]
  0x000001f09dca9170 WorkerThread "G1 Conc#0"                       [id=27908, stack(0x000000054c900000,0x000000054ca00000) (1024K)]
  0x000001f0f89619f0 WorkerThread "G1 Conc#1"                       [id=22500, stack(0x000000054ee00000,0x000000054ef00000) (1024K)]
  0x000001f0f8960b30 WorkerThread "G1 Conc#2"                       [id=3712, stack(0x000000054ef00000,0x000000054f000000) (1024K)]
  0x000001f0b1850100 ConcurrentGCThread "G1 Refine#0"               [id=17956, stack(0x000000054ca00000,0x000000054cb00000) (1024K)]
  0x000001f0b1850540 ConcurrentGCThread "G1 Service"                [id=24292, stack(0x000000054cb00000,0x000000054cc00000) (1024K)]
Total: 21

Threads with active compile tasks:
Total: 0

VM state: not at safepoint (normal execution)

VM Mutex/Monitor currently owned by a thread: None

Heap address: 0x0000000701200000, size: 4078 MB, Compressed Oops mode: Zero based, Oop shift amount: 3

CDS archive(s) mapped at: [0x000001f0b2000000-0x000001f0b2d40000-0x000001f0b2d40000), size 13893632, SharedBaseAddress: 0x000001f0b2000000, ArchiveRelocationMode: 1.
Compressed class space mapped at: 0x000001f0b3000000-0x000001f0f3000000, reserved size: 1073741824
UseCompressedClassPointers 1, UseCompactObjectHeaders 0
Narrow klass pointer bits 32, Max shift 3
Narrow klass base: 0x000001f0b2000000, Narrow klass shift: 0
Encoding Range: [0x000001f0b2000000 - 0x000001f1b2000000), (4294967296 bytes)
Klass Range:    [0x000001f0b2000000 - 0x000001f0f3000000), (1090519040 bytes)
Klass ID Range:  [8 - 1090519033) (1090519025)

GC Precious Log:
 CardTable entry size: 512
 Card Set container configuration: InlinePtr #cards 4 size 8 Array Of Cards #cards 16 size 48 Howl #buckets 8 coarsen threshold 3686 Howl Bitmap #cards 512 size 80 coarsen threshold 460 Card regions per heap region 1 cards per card region 4096
 CPUs: 16 total, 16 available
 Memory: 16307M
 Large Page Support: Disabled
 NUMA Support: Disabled
 Compressed Oops: Enabled (Zero based)
 Heap Region Size: 2M
 Heap Min Capacity: 8M
 Heap Initial Capacity: 256M
 Heap Max Capacity: 4078M
 Pre-touch: Disabled
 Parallel Workers: 13
 Concurrent Workers: 3
 Concurrent Refinement Workers: 13
 Periodic GC: Disabled

Heap:
 garbage-first heap   total reserved 4175872K, committed 77824K, used 52800K [0x0000000701200000, 0x0000000800000000)
  region size 2048K, 18 young (36864K), 3 survivors (6144K)
 Metaspace       used 54176K, committed 54848K, reserved 1114112K
  class space    used 6038K, committed 6336K, reserved 1048576K

Heap Regions: E=young(eden), S=young(survivor), O=old, HS=humongous(starts), HC=humongous(continues), CS=collection set, F=free, TAMS=top-at-mark-start, PB=parsable bottom
|   0|0x0000000701200000, 0x0000000701400000, 0x0000000701400000|100%| O|  |TAMS 0x0000000701200000| PB 0x0000000701200000| Untracked |  0
|   1|0x0000000701400000, 0x0000000701400000, 0x0000000701600000|  0%| F|  |TAMS 0x0000000701400000| PB 0x0000000701400000| Untracked |  0
|   2|0x0000000701600000, 0x0000000701800000, 0x0000000701800000|100%| O|  |TAMS 0x0000000701600000| PB 0x0000000701600000| Untracked |  0
|   3|0x0000000701800000, 0x0000000701a00000, 0x0000000701a00000|100%| O|  |TAMS 0x0000000701800000| PB 0x0000000701800000| Untracked |  0
|   4|0x0000000701a00000, 0x0000000701c00000, 0x0000000701c00000|100%| O|  |TAMS 0x0000000701a00000| PB 0x0000000701a00000| Untracked |  0
|   5|0x0000000701c00000, 0x0000000701e00000, 0x0000000701e00000|100%| O|  |TAMS 0x0000000701c00000| PB 0x0000000701c00000| Untracked |  0
|   6|0x0000000701e00000, 0x0000000701fff790, 0x0000000702000000| 99%| O|  |TAMS 0x0000000701e00000| PB 0x0000000701e00000| Untracked |  0
|   7|0x0000000702000000, 0x0000000702000000, 0x0000000702200000|  0%| F|  |TAMS 0x0000000702000000| PB 0x0000000702000000| Untracked |  0
|   8|0x0000000702200000, 0x0000000702200000, 0x0000000702400000|  0%| F|  |TAMS 0x0000000702200000| PB 0x0000000702200000| Untracked |  0
|   9|0x0000000702400000, 0x0000000702400000, 0x0000000702600000|  0%| F|  |TAMS 0x0000000702400000| PB 0x0000000702400000| Untracked |  0
|  10|0x0000000702600000, 0x0000000702600000, 0x0000000702800000|  0%| F|  |TAMS 0x0000000702600000| PB 0x0000000702600000| Untracked |  0
|  11|0x0000000702800000, 0x0000000702990ad8, 0x0000000702a00000| 78%| S|CS|TAMS 0x0000000702800000| PB 0x0000000702800000| Complete |  0
|  12|0x0000000702a00000, 0x0000000702a00000, 0x0000000702c00000|  0%| F|  |TAMS 0x0000000702a00000| PB 0x0000000702a00000| Untracked |  0
|  13|0x0000000702c00000, 0x0000000702c00000, 0x0000000702e00000|  0%| F|  |TAMS 0x0000000702c00000| PB 0x0000000702c00000| Untracked |  0
|  14|0x0000000702e00000, 0x0000000703000000, 0x0000000703000000|100%| S|CS|TAMS 0x0000000702e00000| PB 0x0000000702e00000| Complete |  0
|  15|0x0000000703000000, 0x0000000703200000, 0x0000000703200000|100%| S|CS|TAMS 0x0000000703000000| PB 0x0000000703000000| Complete |  0
|  16|0x0000000703200000, 0x0000000703200000, 0x0000000703400000|  0%| F|  |TAMS 0x0000000703200000| PB 0x0000000703200000| Untracked |  0
|  17|0x0000000703400000, 0x0000000703400000, 0x0000000703600000|  0%| F|  |TAMS 0x0000000703400000| PB 0x0000000703400000| Untracked |  0
|  18|0x0000000703600000, 0x0000000703600000, 0x0000000703800000|  0%| F|  |TAMS 0x0000000703600000| PB 0x0000000703600000| Untracked |  0
|  19|0x0000000703800000, 0x0000000703946130, 0x0000000703a00000| 63%| E|  |TAMS 0x0000000703800000| PB 0x0000000703800000| Complete |  0
|  20|0x0000000703a00000, 0x0000000703c00000, 0x0000000703c00000|100%| E|  |TAMS 0x0000000703a00000| PB 0x0000000703a00000| Complete |  0
|  21|0x0000000703c00000, 0x0000000703e00000, 0x0000000703e00000|100%| E|CS|TAMS 0x0000000703c00000| PB 0x0000000703c00000| Complete |  0
|  22|0x0000000703e00000, 0x0000000704000000, 0x0000000704000000|100%| E|CS|TAMS 0x0000000703e00000| PB 0x0000000703e00000| Complete |  0
|  23|0x0000000704000000, 0x0000000704200000, 0x0000000704200000|100%| E|CS|TAMS 0x0000000704000000| PB 0x0000000704000000| Complete |  0
|  24|0x0000000704200000, 0x0000000704400000, 0x0000000704400000|100%| E|CS|TAMS 0x0000000704200000| PB 0x0000000704200000| Complete |  0
|  25|0x0000000704400000, 0x0000000704600000, 0x0000000704600000|100%| E|CS|TAMS 0x0000000704400000| PB 0x0000000704400000| Complete |  0
|  94|0x000000070ce00000, 0x000000070d000000, 0x000000070d000000|100%| E|CS|TAMS 0x000000070ce00000| PB 0x000000070ce00000| Complete |  0
|  95|0x000000070d000000, 0x000000070d200000, 0x000000070d200000|100%| E|CS|TAMS 0x000000070d000000| PB 0x000000070d000000| Complete |  0
|  96|0x000000070d200000, 0x000000070d400000, 0x000000070d400000|100%| E|CS|TAMS 0x000000070d200000| PB 0x000000070d200000| Complete |  0
|  97|0x000000070d400000, 0x000000070d600000, 0x000000070d600000|100%| E|CS|TAMS 0x000000070d400000| PB 0x000000070d400000| Complete |  0
|  98|0x000000070d600000, 0x000000070d800000, 0x000000070d800000|100%| E|CS|TAMS 0x000000070d600000| PB 0x000000070d600000| Complete |  0
|  99|0x000000070d800000, 0x000000070da00000, 0x000000070da00000|100%| E|CS|TAMS 0x000000070d800000| PB 0x000000070d800000| Complete |  0
| 127|0x0000000711000000, 0x0000000711200000, 0x0000000711200000|100%| E|CS|TAMS 0x0000000711000000| PB 0x0000000711000000| Complete |  0
|2034|0x00000007ff600000, 0x00000007ff800000, 0x00000007ff800000|100%| O|  |TAMS 0x00000007ff600000| PB 0x00000007ff600000| Untracked |  0
|2035|0x00000007ff800000, 0x00000007ffa00000, 0x00000007ffa00000|100%| O|  |TAMS 0x00000007ff800000| PB 0x00000007ff800000| Untracked |  0
|2036|0x00000007ffa00000, 0x00000007ffc00000, 0x00000007ffc00000|100%| O|  |TAMS 0x00000007ffa00000| PB 0x00000007ffa00000| Untracked |  0
|2037|0x00000007ffc00000, 0x00000007ffe00000, 0x00000007ffe00000|100%| O|  |TAMS 0x00000007ffc00000| PB 0x00000007ffc00000| Untracked |  0
|2038|0x00000007ffe00000, 0x0000000800000000, 0x0000000800000000|100%| E|CS|TAMS 0x00000007ffe00000| PB 0x00000007ffe00000| Complete |  0

Card table byte_map: [0x000001f0aa440000,0x000001f0aac40000] _byte_map_base: 0x000001f0a6c37000

Marking Bits: (CMBitMap*) 0x000001f09dc92290
 Bits: [0x000001f0aac40000, 0x000001f0aebf8000)

Polling page: 0x000001f09b9c0000

Metaspace:

Usage:
  Non-class:     47.01 MB used.
      Class:      5.90 MB used.
       Both:     52.91 MB used.

Virtual space:
  Non-class space:       64.00 MB reserved,      47.38 MB ( 74%) committed,  1 nodes.
      Class space:        1.00 GB reserved,       6.19 MB ( <1%) committed,  1 nodes.
             Both:        1.06 GB reserved,      53.56 MB (  5%) committed. 

Chunk freelists:
   Non-Class:  414.00 KB
       Class:  9.81 MB
        Both:  10.21 MB

MaxMetaspaceSize: unlimited
CompressedClassSpaceSize: 1.00 GB
Initial GC threshold: 21.00 MB
Current GC threshold: 59.06 MB
CDS: on
 - commit_granule_bytes: 65536.
 - commit_granule_words: 8192.
 - virtual_space_node_default_size: 8388608.
 - enlarge_chunks_in_place: 1.
UseCompressedClassPointers 1, UseCompactObjectHeaders 0
Narrow klass pointer bits 32, Max shift 3
Narrow klass base: 0x000001f0b2000000, Narrow klass shift: 0
Encoding Range: [0x000001f0b2000000 - 0x000001f1b2000000), (4294967296 bytes)
Klass Range:    [0x000001f0b2000000 - 0x000001f0f3000000), (1090519040 bytes)
Klass ID Range:  [8 - 1090519033) (1090519025)


Internal statistics:

num_allocs_failed_limit: 6.
num_arena_births: 724.
num_arena_deaths: 0.
num_vsnodes_births: 2.
num_vsnodes_deaths: 0.
num_space_committed: 857.
num_space_uncommitted: 0.
num_chunks_returned_to_freelist: 6.
num_chunks_taken_from_freelist: 2560.
num_chunk_merges: 6.
num_chunk_splits: 1863.
num_chunks_enlarged: 1489.
num_inconsistent_stats: 0.

CodeCache: size=49152Kb used=9005Kb max_used=9761Kb free=40146Kb
 bounds [0x000001f0a64c0000, 0x000001f0a6e50000, 0x000001f0a94c0000]
 total_blobs=6529, nmethods=5890, adapters=563, full_count=0
Compilation: enabled, stopped_count=0, restarted_count=0

Compilation events (20 events):
Event: 200.294 Thread 0x000001f0b19b94a0 5923       1       jdk.jfr.internal.EventControl::getEventType (5 bytes)
Event: 200.294 Thread 0x000001f0f9f24290 5924       1       jdk.jfr.internal.EventControl::getSettingsId (5 bytes)
Event: 200.294 Thread 0x000001f0b19b94a0 nmethod 5923 0x000001f0a661a688 code [0x000001f0a661a780, 0x000001f0a661a848]
Event: 200.294 Thread 0x000001f0f9f24290 nmethod 5924 0x000001f0a661a388 code [0x000001f0a661a480, 0x000001f0a661a548]
Event: 200.294 Thread 0x000001f0b19b94a0 5927   !   1       jdk.jfr.internal.Control::setValue (102 bytes)
Event: 200.294 Thread 0x000001f0f9f24290 5928       1       jdk.jfr.internal.SettingsManager$InternalSetting::getValues (35 bytes)
Event: 200.294 Thread 0x000001f0f9f24290 nmethod 5928 0x000001f0a661a008 code [0x000001f0a661a140, 0x000001f0a661a348]
Event: 200.294 Thread 0x000001f0f9f24290 5929       1       jdk.jfr.internal.Control::apply (10 bytes)
Event: 200.294 Thread 0x000001f0f9f24290 nmethod 5929 0x000001f0a6619d08 code [0x000001f0a6619e20, 0x000001f0a6619f30]
Event: 200.294 Thread 0x000001f0f9f24290 5930       1       jdk.jfr.internal.Control::findCombine (121 bytes)
Event: 200.295 Thread 0x000001f0b19b94a0 nmethod 5927 0x000001f0a6619408 code [0x000001f0a6619600, 0x000001f0a6619c90]
Event: 200.295 Thread 0x000001f0f9f24290 nmethod 5930 0x000001f0a6618a88 code [0x000001f0a6618c40, 0x000001f0a66193f0]
Event: 200.295 Thread 0x000001f0b19b94a0 5926       1       jdk.jfr.internal.PlatformEventType::isEnabled (5 bytes)
Event: 200.295 Thread 0x000001f0f9f24290 5925       1       jdk.jfr.internal.EventControl::getNamedControls (5 bytes)
Event: 200.295 Thread 0x000001f0b19b94a0 nmethod 5926 0x000001f0a6618788 code [0x000001f0a6618880, 0x000001f0a6618948]
Event: 200.295 Thread 0x000001f0f9f24290 nmethod 5925 0x000001f0a6618488 code [0x000001f0a6618580, 0x000001f0a6618648]
Event: 200.298 Thread 0x000001f0f9f24290 5931       1       jdk.jfr.internal.periodic.EventTask::getEventType (5 bytes)
Event: 200.298 Thread 0x000001f0f9f24290 nmethod 5931 0x000001f0a6618188 code [0x000001f0a6618280, 0x000001f0a6618348]
Event: 200.298 Thread 0x000001f0f9f24290 5932       1       jdk.jfr.internal.periodic.PeriodicTask::getPeriod (5 bytes)
Event: 200.298 Thread 0x000001f0f9f24290 nmethod 5932 0x000001f0a6617e88 code [0x000001f0a6617f80, 0x000001f0a6618048]

GC Heap History (14 events):
Event: 0.599 GC heap before
{Heap before GC invocations=0 (full 0):
 garbage-first heap   total reserved 4175872K, committed 264192K, used 48240K [0x0000000701200000, 0x0000000800000000)
  region size 2048K, 24 young (49152K), 0 survivors (0K)
 Metaspace       used 10267K, committed 10560K, reserved 1114112K
  class space    used 1132K, committed 1280K, reserved 1048576K
}
Event: 0.603 GC heap after
{Heap after GC invocations=1 (full 0):
 garbage-first heap   total reserved 4175872K, committed 264192K, used 9521K [0x0000000701200000, 0x0000000800000000)
  region size 2048K, 3 young (6144K), 3 survivors (6144K)
 Metaspace       used 10267K, committed 10560K, reserved 1114112K
  class space    used 1132K, committed 1280K, reserved 1048576K
}
Event: 0.967 GC heap before
{Heap before GC invocations=1 (full 0):
 garbage-first heap   total reserved 4175872K, committed 264192K, used 58673K [0x0000000701200000, 0x0000000800000000)
  region size 2048K, 28 young (57344K), 3 survivors (6144K)
 Metaspace       used 21219K, committed 21504K, reserved 1114112K
  class space    used 2278K, committed 2432K, reserved 1048576K
}
Event: 0.972 GC heap after
{Heap after GC invocations=2 (full 0):
 garbage-first heap   total reserved 4175872K, committed 264192K, used 15489K [0x0000000701200000, 0x0000000800000000)
  region size 2048K, 6 young (12288K), 6 survivors (12288K)
 Metaspace       used 21219K, committed 21504K, reserved 1114112K
  class space    used 2278K, committed 2432K, reserved 1048576K
}
Event: 1.346 GC heap before
{Heap before GC invocations=3 (full 0):
 garbage-first heap   total reserved 4175872K, committed 61440K, used 58497K [0x0000000701200000, 0x0000000800000000)
  region size 2048K, 27 young (55296K), 6 survivors (12288K)
 Metaspace       used 25726K, committed 26112K, reserved 1114112K
  class space    used 2865K, committed 3008K, reserved 1048576K
}
Event: 1.353 GC heap after
{Heap after GC invocations=4 (full 0):
 garbage-first heap   total reserved 4175872K, committed 77824K, used 17853K [0x0000000701200000, 0x0000000800000000)
  region size 2048K, 4 young (8192K), 4 survivors (8192K)
 Metaspace       used 25726K, committed 26112K, reserved 1114112K
  class space    used 2865K, committed 3008K, reserved 1048576K
}
Event: 1.758 GC heap before
{Heap before GC invocations=4 (full 0):
 garbage-first heap   total reserved 4175872K, committed 77824K, used 50621K [0x0000000701200000, 0x0000000800000000)
  region size 2048K, 20 young (40960K), 4 survivors (8192K)
 Metaspace       used 30444K, committed 30848K, reserved 1114112K
  class space    used 3416K, committed 3584K, reserved 1048576K
}
Event: 1.763 GC heap after
{Heap after GC invocations=5 (full 0):
 garbage-first heap   total reserved 4175872K, committed 77824K, used 20016K [0x0000000701200000, 0x0000000800000000)
  region size 2048K, 2 young (4096K), 2 survivors (4096K)
 Metaspace       used 30444K, committed 30848K, reserved 1114112K
  class space    used 3416K, committed 3584K, reserved 1048576K
}
Event: 1.978 GC heap before
{Heap before GC invocations=5 (full 0):
 garbage-first heap   total reserved 4175872K, committed 77824K, used 40496K [0x0000000701200000, 0x0000000800000000)
  region size 2048K, 13 young (26624K), 2 survivors (4096K)
 Metaspace       used 35596K, committed 35968K, reserved 1114112K
  class space    used 3919K, committed 4096K, reserved 1048576K
}
Event: 1.980 GC heap after
{Heap after GC invocations=6 (full 0):
 garbage-first heap   total reserved 4175872K, committed 77824K, used 20658K [0x0000000701200000, 0x0000000800000000)
  region size 2048K, 2 young (4096K), 2 survivors (4096K)
 Metaspace       used 35596K, committed 35968K, reserved 1114112K
  class space    used 3919K, committed 4096K, reserved 1048576K
}
Event: 2.394 GC heap before
{Heap before GC invocations=7 (full 0):
 garbage-first heap   total reserved 4175872K, committed 77824K, used 57522K [0x0000000701200000, 0x0000000800000000)
  region size 2048K, 20 young (40960K), 2 survivors (4096K)
 Metaspace       used 45863K, committed 46336K, reserved 1114112K
  class space    used 5084K, committed 5312K, reserved 1048576K
}
Event: 2.397 GC heap after
{Heap after GC invocations=8 (full 0):
 garbage-first heap   total reserved 4175872K, committed 77824K, used 22943K [0x0000000701200000, 0x0000000800000000)
  region size 2048K, 2 young (4096K), 2 survivors (4096K)
 Metaspace       used 45863K, committed 46336K, reserved 1114112K
  class space    used 5084K, committed 5312K, reserved 1048576K
}
Event: 2.761 GC heap before
{Heap before GC invocations=8 (full 0):
 garbage-first heap   total reserved 4175872K, committed 77824K, used 59807K [0x0000000701200000, 0x0000000800000000)
  region size 2048K, 20 young (40960K), 2 survivors (4096K)
 Metaspace       used 50007K, committed 50496K, reserved 1114112K
  class space    used 5581K, committed 5760K, reserved 1048576K
}
Event: 2.764 GC heap after
{Heap after GC invocations=9 (full 0):
 garbage-first heap   total reserved 4175872K, committed 77824K, used 26176K [0x0000000701200000, 0x0000000800000000)
  region size 2048K, 3 young (6144K), 3 survivors (6144K)
 Metaspace       used 50007K, committed 50496K, reserved 1114112K
  class space    used 5581K, committed 5760K, reserved 1048576K
}

Dll operation events (13 events):
Event: 0.008 Loaded shared library C:\Users\jorge.JORGENSDESKTOP\.jdks\openjdk-24.0.1\bin\java.dll
Event: 0.085 Loaded shared library C:\Users\jorge.JORGENSDESKTOP\.jdks\openjdk-24.0.1\bin\zip.dll
Event: 0.087 Loaded shared library C:\Users\jorge.JORGENSDESKTOP\.jdks\openjdk-24.0.1\bin\instrument.dll
Event: 0.090 Loaded shared library C:\Users\jorge.JORGENSDESKTOP\.jdks\openjdk-24.0.1\bin\net.dll
Event: 0.092 Loaded shared library C:\Users\jorge.JORGENSDESKTOP\.jdks\openjdk-24.0.1\bin\nio.dll
Event: 0.094 Loaded shared library C:\Users\jorge.JORGENSDESKTOP\.jdks\openjdk-24.0.1\bin\zip.dll
Event: 0.122 Loaded shared library C:\Users\jorge.JORGENSDESKTOP\.jdks\openjdk-24.0.1\bin\jimage.dll
Event: 0.149 Loaded shared library C:\Users\jorge.JORGENSDESKTOP\.jdks\openjdk-24.0.1\bin\extnet.dll
Event: 0.153 Loaded shared library C:\Users\jorge.JORGENSDESKTOP\.jdks\openjdk-24.0.1\bin\management.dll
Event: 0.160 Loaded shared library C:\Users\jorge.JORGENSDESKTOP\.jdks\openjdk-24.0.1\bin\management_ext.dll
Event: 0.882 Loaded shared library C:\Users\jorge.JORGENSDESKTOP\.jdks\openjdk-24.0.1\bin\sunmscapi.dll
Event: 1.999 Loaded shared library C:\Users\jorge.JORGENSDESKTOP\.jdks\openjdk-24.0.1\bin\verify.dll
Event: 200.196 Loaded shared library C:\Users\jorge.JORGENSDESKTOP\AppData\Local\Temp\idea_libasyncProfiler_dll_temp_folder\libasyncProfiler.dll

Deoptimization events (2 events):
Event: 21.334 Thread 0x000001f0f96bb480 DEOPT PACKING pc=0x000001f0a6b02f1c sp=0x000000054dfff0b0
Event: 21.334 Thread 0x000001f0f96bb480 DEOPT UNPACKING pc=0x000001f0a6515722 sp=0x000000054dffe548 mode 0

Classes loaded (20 events):
Event: 200.280 Loading class jdk/jfr/internal/MetadataWriter
Event: 200.281 Loading class jdk/jfr/internal/MetadataWriter done
Event: 200.281 Loading class jdk/jfr/internal/MetadataDescriptor$Element
Event: 200.281 Loading class jdk/jfr/internal/MetadataDescriptor$Element done
Event: 200.281 Loading class jdk/jfr/internal/MetadataDescriptor$Attribute
Event: 200.281 Loading class jdk/jfr/internal/MetadataDescriptor$Attribute done
Event: 200.285 Loading class jdk/jfr/internal/consumer/StringParser$Encoding
Event: 200.285 Loading class jdk/jfr/internal/consumer/StringParser$Encoding done
Event: 200.290 Loading class jdk/jfr/internal/consumer/RepositoryFiles
Event: 200.290 Loading class jdk/jfr/internal/consumer/RepositoryFiles done
Event: 200.293 Loading class jdk/jfr/internal/SettingsManager$InternalSetting
Event: 200.293 Loading class jdk/jfr/internal/SettingsManager$InternalSetting done
Event: 200.293 Loading class jdk/jfr/internal/util/Rate
Event: 200.293 Loading class jdk/jfr/internal/util/Rate done
Event: 200.293 Loading class jdk/jfr/internal/util/TimespanUnit
Event: 200.294 Loading class jdk/jfr/internal/util/TimespanUnit done
Event: 200.294 Loading class jdk/jfr/internal/util/ValueParser
Event: 200.294 Loading class jdk/jfr/internal/util/ValueParser done
Event: 200.294 Loading class jdk/jfr/internal/periodic/PeriodicType
Event: 200.294 Loading class jdk/jfr/internal/periodic/PeriodicType done

Classes unloaded (0 events):
No events

Classes redefined (0 events):
No events

Internal exceptions (20 events):
Event: 2.706 Thread 0x000001f0f7803270 Exception <a 'java/lang/NoSuchMethodError'{0x00000007037a9470}: 'java.lang.Object java.lang.invoke.DirectMethodHandle$Holder.newInvokeSpecial(java.lang.Object, java.lang.Object, int, java.lang.Object, java.lang.Object)'> (0x00000007037a9470) 
thrown [s\open\src\hotspot\share\interpreter\linkResolver.cpp, line 805]
Event: 3.078 Thread 0x000001f0f96bb480 Exception <a 'java/lang/NoSuchMethodError'{0x00000007ffee6850}: 'java.lang.Object java.lang.invoke.DirectMethodHandle$Holder.invokeInterface(java.lang.Object, java.lang.Object, java.lang.Object, java.lang.Object, java.lang.Object, java.lang.Object, java.lang.Object)'> (0x00000007ffee6850) 
thrown [s\open\src\hotspot\share\interpreter\linkResolver.cpp, line 805]
Event: 20.484 Thread 0x000001f0f96be7b0 Exception <a 'java/lang/NoSuchMethodError'{0x00000007110e5678}: 'java.lang.Object java.lang.invoke.DirectMethodHandle$Holder.invokeStatic(java.lang.Object, java.lang.Object, java.lang.Object, int, int)'> (0x00000007110e5678) 
thrown [s\open\src\hotspot\share\interpreter\linkResolver.cpp, line 805]
Event: 20.484 Thread 0x000001f0f96be7b0 Exception <a 'java/lang/NoSuchMethodError'{0x00000007110ed620}: 'java.lang.Object java.lang.invoke.DirectMethodHandle$Holder.invokeStaticInit(java.lang.Object, java.lang.Object, java.lang.Object, int, int)'> (0x00000007110ed620) 
thrown [s\open\src\hotspot\share\interpreter\linkResolver.cpp, line 805]
Event: 20.513 Thread 0x000001f0f7805700 Exception <a 'java/lang/NoSuchMethodError'{0x000000070d802af8}: 'java.lang.Object java.lang.invoke.DirectMethodHandle$Holder.invokeSpecial(java.lang.Object, java.lang.Object, java.lang.Object, java.lang.Object, java.lang.Object, long)'> (0x000000070d802af8) 
thrown [s\open\src\hotspot\share\interpreter\linkResolver.cpp, line 805]
Event: 20.513 Thread 0x000001f0f7805700 Exception <a 'java/lang/NoSuchMethodError'{0x000000070d80b418}: 'java.lang.Object java.lang.invoke.DirectMethodHandle$Holder.invokeSpecial(java.lang.Object, java.lang.Object, java.lang.Object, java.lang.Object, java.lang.Object, java.lang.Object, long)'> (0x000000070d80b418) 
thrown [s\open\src\hotspot\share\interpreter\linkResolver.cpp, line 805]
Event: 20.513 Thread 0x000001f0f7805700 Exception <a 'java/lang/NoSuchMethodError'{0x000000070d8137b0}: 'java.lang.Object java.lang.invoke.DelegatingMethodHandle$Holder.reinvoke_L(java.lang.Object, java.lang.Object, java.lang.Object, java.lang.Object, java.lang.Object, long)'> (0x000000070d8137b0) 
thrown [s\open\src\hotspot\share\interpreter\linkResolver.cpp, line 805]
Event: 20.514 Thread 0x000001f0f7805700 Exception <a 'java/lang/NoSuchMethodError'{0x000000070d823ba0}: 'java.lang.Object java.lang.invoke.Invokers$Holder.linkToTargetMethod(java.lang.Object, java.lang.Object, java.lang.Object, long, java.lang.Object)'> (0x000000070d823ba0) 
thrown [s\open\src\hotspot\share\interpreter\linkResolver.cpp, line 805]
Event: 20.545 Thread 0x000001f0f7805700 Exception <a 'java/lang/NoSuchMethodError'{0x000000070d9c0a10}: 'int java.lang.invoke.DirectMethodHandle$Holder.invokeVirtual(java.lang.Object, java.lang.Object, java.lang.Object)'> (0x000000070d9c0a10) 
thrown [s\open\src\hotspot\share\interpreter\linkResolver.cpp, line 805]
Event: 20.546 Thread 0x000001f0f7805700 Exception <a 'java/lang/NoSuchMethodError'{0x000000070d9e45a8}: 'java.lang.Object java.lang.invoke.DirectMethodHandle$Holder.invokeStatic(java.lang.Object, int, int)'> (0x000000070d9e45a8) 
thrown [s\open\src\hotspot\share\interpreter\linkResolver.cpp, line 805]
Event: 20.584 Thread 0x000001f0f7805700 Exception <a 'java/io/IOException'{0x000000070d4a2880}> (0x000000070d4a2880) 
thrown [s\open\src\hotspot\share\prims\jni.cpp, line 518]
Event: 20.649 Thread 0x000001f0f7804860 Exception <a 'java/net/SocketException'{0x000000070d02cad8}: Connection reset by peer: shutdown> (0x000000070d02cad8) 
thrown [s\open\src\hotspot\share\prims\jni.cpp, line 536]
Event: 26.378 Thread 0x000001f0f7804fb0 Exception <a 'sun/net/ConnectionResetException'{0x000000070d07e5e8}: Connection reset> (0x000000070d07e5e8) 
thrown [s\open\src\hotspot\share\prims\jni.cpp, line 536]
Event: 200.231 Thread 0x000001f0b19a9f30 Exception <a 'java/lang/NoSuchMethodError'{0x0000000704394f08}: 'void java.lang.invoke.DirectMethodHandle$Holder.invokeStaticInit(java.lang.Object)'> (0x0000000704394f08) 
thrown [s\open\src\hotspot\share\interpreter\linkResolver.cpp, line 805]
Event: 200.273 Thread 0x000001f0b19a9f30 Exception <a 'java/lang/NoSuchMethodError'{0x0000000703d30540}: 'void java.lang.invoke.DirectMethodHandle$Holder.invokeSpecial(java.lang.Object, java.lang.Object, int)'> (0x0000000703d30540) 
thrown [s\open\src\hotspot\share\interpreter\linkResolver.cpp, line 805]
Event: 200.273 Thread 0x000001f0b19a9f30 Exception <a 'java/lang/NoSuchMethodError'{0x0000000703d39000}: 'void java.lang.invoke.Invokers$Holder.invokeExact_MT(java.lang.Object, int, java.lang.Object)'> (0x0000000703d39000) 
thrown [s\open\src\hotspot\share\interpreter\linkResolver.cpp, line 805]
Event: 200.274 Thread 0x000001f0b19a9f30 Exception <a 'java/lang/NoSuchMethodError'{0x0000000703d5a4a0}: 'java.lang.Object java.lang.invoke.DirectMethodHandle$Holder.newInvokeSpecial(java.lang.Object, java.lang.Object, int)'> (0x0000000703d5a4a0) 
thrown [s\open\src\hotspot\share\interpreter\linkResolver.cpp, line 805]
Event: 200.276 Thread 0x000001f0b19a9f30 Exception <a 'sun/nio/fs/WindowsException'{0x0000000703d8e488}> (0x0000000703d8e488) 
thrown [s\open\src\hotspot\share\prims\jni.cpp, line 518]
Event: 200.277 Thread 0x000001f0b19a9f30 Exception <a 'sun/nio/fs/WindowsException'{0x0000000703d9b5c0}> (0x0000000703d9b5c0) 
thrown [s\open\src\hotspot\share\prims\jni.cpp, line 518]
Event: 200.279 Thread 0x000001f0b19a9f30 Exception <a 'sun/nio/fs/WindowsException'{0x0000000703dca0f0}> (0x0000000703dca0f0) 
thrown [s\open\src\hotspot\share\prims\jni.cpp, line 518]

VM Operations (20 events):
Event: 2.591 Executing VM operation: HandshakeAllThreads (Deoptimize)
Event: 2.591 Executing VM operation: HandshakeAllThreads (Deoptimize) done
Event: 2.761 Executing VM operation: G1CollectForAllocation (G1 Evacuation Pause)
Event: 2.764 Executing VM operation: G1CollectForAllocation (G1 Evacuation Pause) done
Event: 20.486 Executing VM operation: HandshakeAllThreads (Deoptimize)
Event: 20.486 Executing VM operation: HandshakeAllThreads (Deoptimize) done
Event: 20.522 Executing VM operation: HandshakeAllThreads (Deoptimize)
Event: 20.522 Executing VM operation: HandshakeAllThreads (Deoptimize) done
Event: 20.606 Executing VM operation: HandshakeAllThreads (Deoptimize)
Event: 20.606 Executing VM operation: HandshakeAllThreads (Deoptimize) done
Event: 20.633 Executing VM operation: HandshakeAllThreads (Deoptimize)
Event: 20.633 Executing VM operation: HandshakeAllThreads (Deoptimize) done
Event: 60.090 Executing VM operation: HandshakeAllThreads (HandshakeForDeflation)
Event: 60.090 Executing VM operation: HandshakeAllThreads (HandshakeForDeflation) done
Event: 60.090 Executing VM operation: RendezvousGCThreads
Event: 60.090 Executing VM operation: RendezvousGCThreads done
Event: 95.871 Executing VM operation: HandshakeAllThreads (Deoptimize)
Event: 95.871 Executing VM operation: HandshakeAllThreads (Deoptimize) done
Event: 200.290 Executing VM operation: JFRSafepointClear
Event: 200.290 Executing VM operation: JFRSafepointClear done

Memory protections (0 events):
No events

Nmethod flushes (20 events):
Event: 1.989 Thread 0x000001f0b19991d0 flushing  nmethod 0x000001f0a6790808
Event: 1.989 Thread 0x000001f0b19991d0 flushing  nmethod 0x000001f0a6877288
Event: 1.989 Thread 0x000001f0b19991d0 flushing  nmethod 0x000001f0a698da88
Event: 1.989 Thread 0x000001f0b19991d0 flushing  nmethod 0x000001f0a69f4788
Event: 1.989 Thread 0x000001f0b19991d0 flushing  nmethod 0x000001f0a6984588
Event: 1.989 Thread 0x000001f0b19991d0 flushing  nmethod 0x000001f0a67ed208
Event: 1.989 Thread 0x000001f0b19991d0 flushing  nmethod 0x000001f0a67ed508
Event: 1.989 Thread 0x000001f0b19991d0 flushing  nmethod 0x000001f0a6832508
Event: 1.989 Thread 0x000001f0b19991d0 flushing  nmethod 0x000001f0a688a008
Event: 1.989 Thread 0x000001f0b19991d0 flushing  nmethod 0x000001f0a68d3588
Event: 1.989 Thread 0x000001f0b19991d0 flushing  nmethod 0x000001f0a68d3d08
Event: 1.989 Thread 0x000001f0b19991d0 flushing  nmethod 0x000001f0a69a9108
Event: 1.989 Thread 0x000001f0b19991d0 flushing  nmethod 0x000001f0a6803508
Event: 1.989 Thread 0x000001f0b19991d0 flushing  nmethod 0x000001f0a6806408
Event: 1.989 Thread 0x000001f0b19991d0 flushing  nmethod 0x000001f0a67d8908
Event: 1.989 Thread 0x000001f0b19991d0 flushing  nmethod 0x000001f0a689ae08
Event: 1.989 Thread 0x000001f0b19991d0 flushing  nmethod 0x000001f0a6872d08
Event: 1.989 Thread 0x000001f0b19991d0 flushing  nmethod 0x000001f0a68ce988
Event: 1.989 Thread 0x000001f0b19991d0 flushing  nmethod 0x000001f0a6a17488
Event: 1.989 Thread 0x000001f0b19991d0 flushing  nmethod 0x000001f0a67b5388

Events (20 events):
Event: 19.296 Thread 0x000001f0b19b94a0 Thread added: 0x000001f0f96d2480
Event: 19.296 Thread 0x000001f0b19b94a0 Thread added: 0x000001f0f96d2c10
Event: 19.312 Thread 0x000001f0f7805e50 Thread added: 0x000001f0f96bc320
Event: 21.334 Thread 0x000001f0f96d2480 Thread exited: 0x000001f0f96d2480
Event: 21.334 Thread 0x000001f0f96d2c10 Thread exited: 0x000001f0f96d2c10
Event: 21.365 Thread 0x000001f0b19b94a0 Thread added: 0x000001f0f755d280
Event: 34.788 Thread 0x000001f0f755d280 Thread exited: 0x000001f0f755d280
Event: 56.387 Thread 0x000001f0b19b94a0 Thread added: 0x000001f0f7441ec0
Event: 59.506 Thread 0x000001f0f7441ec0 Thread exited: 0x000001f0f7441ec0
Event: 59.507 Thread 0x000001f0b19b94a0 Thread added: 0x000001f0f773a410
Event: 61.537 Thread 0x000001f0f773a410 Thread exited: 0x000001f0f773a410
Event: 69.801 Thread 0x000001f0b19b94a0 Thread added: 0x000001f0f7740f20
Event: 70.830 Thread 0x000001f0f7740f20 Thread exited: 0x000001f0f7740f20
Event: 71.832 Thread 0x000001f0b19b94a0 Thread added: 0x000001f0f7740f20
Event: 79.350 Thread 0x000001f0f96bc320 Thread exited: 0x000001f0f96bc320
Event: 82.169 Thread 0x000001f0f7740f20 Thread exited: 0x000001f0f7740f20
Event: 90.316 Thread 0x000001f0b19a97e0 Thread exited: 0x000001f0b19a97e0
Event: 200.229 Thread 0x000001f0b19a9f30 Thread added: 0x000001f0f96bef00
Event: 200.244 Thread 0x000001f0b19b94a0 Thread added: 0x000001f0f9f24290
Event: 200.274 Thread 0x000001f0b19a9f30 Thread added: 0x000001f0f96bbbd0


Dynamic libraries:
0x00007ff6a9c40000 - 0x00007ff6a9c4e000 	C:\Users\jorge.JORGENSDESKTOP\.jdks\openjdk-24.0.1\bin\java.exe
0x00007ffd45620000 - 0x00007ffd45880000 	C:\WINDOWS\SYSTEM32\ntdll.dll
0x00007ffd44720000 - 0x00007ffd447e7000 	C:\WINDOWS\System32\KERNEL32.DLL
0x00007ffd42cd0000 - 0x00007ffd4309a000 	C:\WINDOWS\System32\KERNELBASE.dll
0x00007ffd432d0000 - 0x00007ffd4341b000 	C:\WINDOWS\System32\ucrtbase.dll
0x00007ffd25200000 - 0x00007ffd2521b000 	C:\Users\jorge.JORGENSDESKTOP\.jdks\openjdk-24.0.1\bin\VCRUNTIME140.dll
0x00007ffd1d650000 - 0x00007ffd1d666000 	C:\Users\jorge.JORGENSDESKTOP\.jdks\openjdk-24.0.1\bin\jli.dll
0x00007ffd43dc0000 - 0x00007ffd43f8c000 	C:\WINDOWS\System32\USER32.dll
0x00007ffd429d0000 - 0x00007ffd429f7000 	C:\WINDOWS\System32\win32u.dll
0x00007ffd27350000 - 0x00007ffd275e7000 	C:\WINDOWS\WinSxS\amd64_microsoft.windows.common-controls_6595b64144ccf1df_6.0.26100.3624_none_3e086962e3345f24\COMCTL32.dll
0x00007ffd44b50000 - 0x00007ffd44b7a000 	C:\WINDOWS\System32\GDI32.dll
0x00007ffd43500000 - 0x00007ffd435a9000 	C:\WINDOWS\System32\msvcrt.dll
0x00007ffd42800000 - 0x00007ffd42931000 	C:\WINDOWS\System32\gdi32full.dll
0x00007ffd43220000 - 0x00007ffd432c3000 	C:\WINDOWS\System32\msvcp_win.dll
0x00007ffd43780000 - 0x00007ffd437af000 	C:\WINDOWS\System32\IMM32.DLL
0x00007ffd251f0000 - 0x00007ffd251fc000 	C:\Users\jorge.JORGENSDESKTOP\.jdks\openjdk-24.0.1\bin\vcruntime140_1.dll
0x00007ffcdb9d0000 - 0x00007ffcdba5e000 	C:\Users\jorge.JORGENSDESKTOP\.jdks\openjdk-24.0.1\bin\msvcp140.dll
0x00007ffc46790000 - 0x00007ffc47532000 	C:\Users\jorge.JORGENSDESKTOP\.jdks\openjdk-24.0.1\bin\server\jvm.dll
0x00007ffd452b0000 - 0x00007ffd45362000 	C:\WINDOWS\System32\ADVAPI32.dll
0x00007ffd43870000 - 0x00007ffd43916000 	C:\WINDOWS\System32\sechost.dll
0x00007ffd43f90000 - 0x00007ffd440a6000 	C:\WINDOWS\System32\RPCRT4.dll
0x00007ffd45560000 - 0x00007ffd455d4000 	C:\WINDOWS\System32\WS2_32.dll
0x00007ffd416c0000 - 0x00007ffd4171e000 	C:\WINDOWS\SYSTEM32\POWRPROF.dll
0x00007ffd3b180000 - 0x00007ffd3b18b000 	C:\WINDOWS\SYSTEM32\VERSION.dll
0x00007ffd35c10000 - 0x00007ffd35c46000 	C:\WINDOWS\SYSTEM32\WINMM.dll
0x00007ffd41640000 - 0x00007ffd41654000 	C:\WINDOWS\SYSTEM32\UMPDC.dll
0x00007ffd41730000 - 0x00007ffd4174a000 	C:\WINDOWS\SYSTEM32\kernel.appcore.dll
0x00007ffd25140000 - 0x00007ffd2514a000 	C:\Users\jorge.JORGENSDESKTOP\.jdks\openjdk-24.0.1\bin\jimage.dll
0x00007ffd40900000 - 0x00007ffd40b41000 	C:\WINDOWS\SYSTEM32\DBGHELP.DLL
0x00007ffd43970000 - 0x00007ffd43cf2000 	C:\WINDOWS\System32\combase.dll
0x00007ffd43420000 - 0x00007ffd434f6000 	C:\WINDOWS\System32\OLEAUT32.dll
0x00007ffcd9840000 - 0x00007ffcd9879000 	C:\WINDOWS\SYSTEM32\dbgcore.DLL
0x00007ffd42c30000 - 0x00007ffd42cc9000 	C:\WINDOWS\System32\bcryptPrimitives.dll
0x00007ffd1d8a0000 - 0x00007ffd1d8af000 	C:\Users\jorge.JORGENSDESKTOP\.jdks\openjdk-24.0.1\bin\instrument.dll
0x00007ffd1d510000 - 0x00007ffd1d52e000 	C:\Users\jorge.JORGENSDESKTOP\.jdks\openjdk-24.0.1\bin\java.dll
0x00007ffd435d0000 - 0x00007ffd43766000 	C:\WINDOWS\System32\ole32.dll
0x00007ffd44b80000 - 0x00007ffd452a9000 	C:\WINDOWS\System32\SHELL32.dll
0x00007ffd42ac0000 - 0x00007ffd42c28000 	C:\WINDOWS\System32\wintypes.dll
0x00007ffd3ffd0000 - 0x00007ffd40822000 	C:\WINDOWS\SYSTEM32\windows.storage.dll
0x00007ffd453f0000 - 0x00007ffd454dd000 	C:\WINDOWS\System32\SHCORE.dll
0x00007ffd44900000 - 0x00007ffd44964000 	C:\WINDOWS\System32\shlwapi.dll
0x00007ffd42710000 - 0x00007ffd4273f000 	C:\WINDOWS\SYSTEM32\profapi.dll
0x00007ffd12480000 - 0x00007ffd12497000 	C:\Users\jorge.JORGENSDESKTOP\.jdks\openjdk-24.0.1\bin\zip.dll
0x00007ffd1d640000 - 0x00007ffd1d650000 	C:\Users\jorge.JORGENSDESKTOP\.jdks\openjdk-24.0.1\bin\net.dll
0x00007ffd41c50000 - 0x00007ffd41cba000 	C:\WINDOWS\system32\mswsock.dll
0x00007ffd124a0000 - 0x00007ffd124b6000 	C:\Users\jorge.JORGENSDESKTOP\.jdks\openjdk-24.0.1\bin\nio.dll
0x00007ffd410d0000 - 0x00007ffd411f5000 	C:\WINDOWS\SYSTEM32\DNSAPI.dll
0x00007ffd41040000 - 0x00007ffd41073000 	C:\WINDOWS\SYSTEM32\IPHLPAPI.DLL
0x00007ffd447f0000 - 0x00007ffd447fa000 	C:\WINDOWS\System32\NSI.dll
0x00007ffd3b120000 - 0x00007ffd3b12b000 	C:\Windows\System32\rasadhlp.dll
0x00007ffd36450000 - 0x00007ffd364d5000 	C:\WINDOWS\System32\fwpuclnt.dll
0x00007ffd12cc0000 - 0x00007ffd12cc9000 	C:\Users\jorge.JORGENSDESKTOP\.jdks\openjdk-24.0.1\bin\extnet.dll
0x00007ffd12470000 - 0x00007ffd1247a000 	C:\Users\jorge.JORGENSDESKTOP\.jdks\openjdk-24.0.1\bin\management.dll
0x00007ffd12350000 - 0x00007ffd1235b000 	C:\Users\jorge.JORGENSDESKTOP\.jdks\openjdk-24.0.1\bin\management_ext.dll
0x00007ffd43770000 - 0x00007ffd43778000 	C:\WINDOWS\System32\PSAPI.DLL
0x00007ffd41f00000 - 0x00007ffd41f1c000 	C:\WINDOWS\SYSTEM32\CRYPTSP.dll
0x00007ffd41600000 - 0x00007ffd4163a000 	C:\WINDOWS\system32\rsaenh.dll
0x00007ffd41cf0000 - 0x00007ffd41d1b000 	C:\WINDOWS\SYSTEM32\USERENV.dll
0x00007ffd426e0000 - 0x00007ffd42706000 	C:\WINDOWS\SYSTEM32\bcrypt.dll
0x00007ffd41ef0000 - 0x00007ffd41efc000 	C:\WINDOWS\SYSTEM32\CRYPTBASE.dll
0x00007ffd21fe0000 - 0x00007ffd21ff8000 	C:\WINDOWS\system32\napinsp.dll
0x00007ffd21fc0000 - 0x00007ffd21fd2000 	C:\WINDOWS\System32\winrnr.dll
0x00007ffd21f30000 - 0x00007ffd21f60000 	C:\WINDOWS\system32\nlansp_c.dll
0x00007ffd3a050000 - 0x00007ffd3a066000 	C:\WINDOWS\system32\wshbth.dll
0x00007ffd24f10000 - 0x00007ffd24f5e000 	C:\WINDOWS\SYSTEM32\pdh.dll
0x00007ffd3d300000 - 0x00007ffd3d312000 	C:\WINDOWS\System32\perfproc.dll
0x00007ffd12280000 - 0x00007ffd1228e000 	C:\Users\jorge.JORGENSDESKTOP\.jdks\openjdk-24.0.1\bin\sunmscapi.dll
0x00007ffd430a0000 - 0x00007ffd43217000 	C:\WINDOWS\System32\CRYPT32.dll
0x00007ffd420f0000 - 0x00007ffd42120000 	C:\WINDOWS\SYSTEM32\ncrypt.dll
0x00007ffd420a0000 - 0x00007ffd420df000 	C:\WINDOWS\SYSTEM32\NTASN1.dll
0x00007ffd12140000 - 0x00007ffd12150000 	C:\Users\jorge.JORGENSDESKTOP\.jdks\openjdk-24.0.1\bin\verify.dll
0x00007ffd16350000 - 0x00007ffd16358000 	C:\WINDOWS\system32\wshunix.dll
0x00007ffc4d8b0000 - 0x00007ffc4daa8000 	C:\Users\jorge.JORGENSDESKTOP\AppData\Local\Temp\idea_libasyncProfiler_dll_temp_folder\libasyncProfiler.dll

JVMTI agents:
C:\Program Files\JetBrains\IntelliJ IDEA 2025.1\lib\idea_rt.jar path:C:\Users\jorge.JORGENSDESKTOP\.jdks\openjdk-24.0.1\bin\instrument.dll, loaded, initialized, instrumentlib options:56250

dbghelp: loaded successfully - version: 4.0.5 - missing functions: none
symbol engine: initialized successfully - sym options: 0x614 - pdb path: .;C:\Users\jorge.JORGENSDESKTOP\.jdks\openjdk-24.0.1\bin;C:\WINDOWS\SYSTEM32;C:\WINDOWS\WinSxS\amd64_microsoft.windows.common-controls_6595b64144ccf1df_6.0.26100.3624_none_3e086962e3345f24;C:\Users\jorge.JORGENSDESKTOP\.jdks\openjdk-24.0.1\bin\server;C:\Users\jorge.JORGENSDESKTOP\AppData\Local\Temp\idea_libasyncProfiler_dll_temp_folder

VM Arguments:
jvm_args: -XX:TieredStopAtLevel=1 -Dspring.output.ansi.enabled=always -Dcom.sun.management.jmxremote -Dspring.jmx.enabled=true -Dspring.liveBeansView.mbeanDomain -Dspring.application.admin.enabled=true -Dmanagement.endpoints.jmx.exposure.include=* -javaagent:C:\Program Files\JetBrains\IntelliJ IDEA 2025.1\lib\idea_rt.jar=56250 -Dfile.encoding=UTF-8 -Dsun.stdout.encoding=UTF-8 -Dsun.stderr.encoding=UTF-8 
java_command: com.example.weeklytaskdb1.WeeklyTaskDb1Application
java_class_path (initial): C:\Users\jorge.JORGENSDESKTOP\IdeaProjects\Weekly Task DB1\target\classes;C:\Users\jorge.JORGENSDESKTOP\.m2\repository\org\springframework\boot\spring-boot-starter-jdbc\3.4.5\spring-boot-starter-jdbc-3.4.5.jar;C:\Users\jorge.JORGENSDESKTOP\.m2\repository\org\springframework\boot\spring-boot-starter\3.4.5\spring-boot-starter-3.4.5.jar;C:\Users\jorge.JORGENSDESKTOP\.m2\repository\org\springframework\boot\spring-boot-starter-logging\3.4.5\spring-boot-starter-logging-3.4.5.jar;C:\Users\jorge.JORGENSDESKTOP\.m2\repository\ch\qos\logback\logback-classic\1.5.18\logback-classic-1.5.18.jar;C:\Users\jorge.JORGENSDESKTOP\.m2\repository\ch\qos\logback\logback-core\1.5.18\logback-core-1.5.18.jar;C:\Users\jorge.JORGENSDESKTOP\.m2\repository\org\apache\logging\log4j\log4j-to-slf4j\2.24.3\log4j-to-slf4j-2.24.3.jar;C:\Users\jorge.JORGENSDESKTOP\.m2\repository\org\apache\logging\log4j\log4j-api\2.24.3\log4j-api-2.24.3.jar;C:\Users\jorge.JORGENSDESKTOP\.m2\repository\org\slf4j\jul-to-slf4j\2.0.17\jul-to-slf4j-2.0.17.jar;C:\Users\jorge.JORGENSDESKTOP\.m2\repository\jakarta\annotation\jakarta.annotation-api\2.1.1\jakarta.annotation-api-2.1.1.jar;C:\Users\jorge.JORGENSDESKTOP\.m2\repository\org\yaml\snakeyaml\2.3\snakeyaml-2.3.jar;C:\Users\jorge.JORGENSDESKTOP\.m2\repository\com\zaxxer\HikariCP\5.1.0\HikariCP-5.1.0.jar;C:\Users\jorge.JORGENSDESKTOP\.m2\repository\org\slf4j\slf4j-api\2.0.17\slf4j-api-2.0.17.jar;C:\Users\jorge.JORGENSDESKTOP\.m2\repository\org\springframework\spring-jdbc\6.2.6\spring-jdbc-6.2.6.jar;C:\Users\jorge.JORGENSDESKTOP\.m2\repository\org\springframework\spring-beans\6.2.6\spring-beans-6.2.6.jar;C:\Users\jorge.JORGENSDESKTOP\.m2\repository\org\springframework\spring-tx\6.2.6\spring-tx-6.2.6.jar;C:\Users\jorge.JORGENSDESKTOP\.m2\repository\org\springframework\boot\spring-boot-devtools\3.4.5\spring-boot-devtools-3.4.5.jar;C:\Users\jorge.JORGENSDESKTOP\.m2\repository\org\springframework\boot\spring-boot\3.4.5\spring-boot-3.4.5.jar;C:\Users\jorge.JORGENSDESKTOP\.m2\repository\org\springframework\spring-context\6.2.6\spring-context-6.2.6.jar;C:\Users\jorge.JORGENSDESKTOP\.m2\repository\org\springframework\boot\spring-boot-autoconfigure\3.4.5\spring-boot-autoconfigure-3.4.5.jar;C:\Users\jorge.JORGENSDESKTOP\.m2\repository\org\postgresql\postgresql\42.7.5\postgresql-42.7.5.jar;C:\Users\jorge.JORGENSDESKTOP\.m2\repository\org\checkerframework\checker-qual\3.48.3\checker-qual-3.48.3.jar;C:\Users\jorge.JORGENSDESKTOP\.m2\repository\jakarta\xml\bind\jakarta.xml.bind-api\4.0.2\jakarta.xml.bind-api-4.0.2.jar;C:\Users\jorge.JORGENSDESKTOP\.m2\repository\jakarta\activation\jakarta.activation-api\2.1.3\jakarta.activation-api-2.1.3.jar;C:\Users\jorge.JORGENSDESKTOP\.m2\repository\net\bytebuddy\byte-buddy\1.15.11\byte-buddy-1.15.11.jar;C:\Users\jorge.JORGENSDESKTOP\.m2\repository\org\springframework\spring-core\6.2.6\spring-core-6.2.6.jar;C:\Users\jorge.JORGENSDESKTOP\.m2\repository\org\springframework\spring-jcl\6.2.6\spring-jcl-6.2.6.jar;C:\Users\jorge.JORGENSDESKTOP\.m2\repository\org\springframework\boot\spring-boot-starter-data-jpa\3.4.5\spring-boot-starter-data-jpa-3.4.5.jar;C:\Users\jorge.JORGENSDESKTOP\.m2\repository\org\hibernate\orm\hibernate-core\6.6.13.Final\hibernate-core-6.6.13.Final.jar;C:\Users\jorge.JORGENSDESKTOP\.m2\repository\jakarta\persistence\jakarta.persistence-api\3.1.0\jakarta.persistence-api-3.1.0.jar;C:\Users\jorge.JORGENSDESKTOP\.m2\repository\jakarta\transaction\jakarta.transaction-api\2.0.1\jakarta.transaction-api-2.0.1.jar;C:\Users\jorge.JORGENSDESKTOP\.m2\repository\org\jboss\logging\jboss-logging\3.6.1.Final\jboss-logging-3.6.1.Final.jar;C:\Users\jorge.JORGENSDESKTOP\.m2\repository\org\hibernate\common\hibernate-commons-annotations\7.0.3.Final\hibernate-commons-annotations-7.0.3.Final.jar;C:\Users\jorge.JORGENSDESKTOP\.m2\repository\io\smallrye\jandex\3.2.0\jandex-3.2.0.jar;C:\Users\jorge.JORGENSDESKTOP\.m2\repository\com\fasterxml\classmate\1.7.0\classmate-1.7.0.jar;C:\Users\jorge.JORGENSDESKTOP\.m2\repository\org\glassfish\jaxb\jaxb-runtime\4.0.5\jaxb-runtime-4.0.5.jar;C:\Users\jorge.JORGENSDESKTOP\.m2\repository\org\glassfish\jaxb\jaxb-core\4.0.5\jaxb-core-4.0.5.jar;C:\Users\jorge.JORGENSDESKTOP\.m2\repository\org\eclipse\angus\angus-activation\2.0.2\angus-activation-2.0.2.jar;C:\Users\jorge.JORGENSDESKTOP\.m2\repository\org\glassfish\jaxb\txw2\4.0.5\txw2-4.0.5.jar;C:\Users\jorge.JORGENSDESKTOP\.m2\repository\com\sun\istack\istack-commons-runtime\4.1.2\istack-commons-runtime-4.1.2.jar;C:\Users\jorge.JORGENSDESKTOP\.m2\repository\jakarta\inject\jakarta.inject-api\2.0.1\jakarta.inject-api-2.0.1.jar;C:\Users\jorge.JORGENSDESKTOP\.m2\repository\org\antlr\antlr4-runtime\4.13.0\antlr4-runtime-4.13.0.jar;C:\Users\jorge.JORGENSDESKTOP\.m2\repository\org\springframework\data\spring-data-jpa\3.4.5\spring-data-jpa-3.4.5.jar;C:\Users\jorge.JORGENSDESKTOP\.m2\repository\org\springframework\data\spring-data-commons\3.4.5\spring-data-commons-3.4.5.jar;C:\Users\jorge.JORGENSDESKTOP\.m2\repository\org\springframework\spring-orm\6.2.6\spring-orm-6.2.6.jar;C:\Users\jorge.JORGENSDESKTOP\.m2\repository\org\springframework\spring-aop\6.2.6\spring-aop-6.2.6.jar;C:\Users\jorge.JORGENSDESKTOP\.m2\repository\org\springframework\spring-aspects\6.2.6\spring-aspects-6.2.6.jar;C:\Users\jorge.JORGENSDESKTOP\.m2\repository\org\aspectj\aspectjweaver\1.9.24\aspectjweaver-1.9.24.jar;C:\Users\jorge.JORGENSDESKTOP\.m2\repository\org\springframework\boot\spring-boot-starter-web\3.4.5\spring-boot-starter-web-3.4.5.jar;C:\Users\jorge.JORGENSDESKTOP\.m2\repository\org\springframework\boot\spring-boot-starter-json\3.4.5\spring-boot-starter-json-3.4.5.jar;C:\Users\jorge.JORGENSDESKTOP\.m2\repository\com\fasterxml\jackson\core\jackson-databind\2.18.3\jackson-databind-2.18.3.jar;C:\Users\jorge.JORGENSDESKTOP\.m2\repository\com\fasterxml\jackson\core\jackson-annotations\2.18.3\jackson-annotations-2.18.3.jar;C:\Users\jorge.JORGENSDESKTOP\.m2\repository\com\fasterxml\jackson\core\jackson-core\2.18.3\jackson-core-2.18.3.jar;C:\Users\jorge.JORGENSDESKTOP\.m2\repository\com\fasterxml\jackson\datatype\jackson-datatype-jdk8\2.18.3\jackson-datatype-jdk8-2.18.3.jar;C:\Users\jorge.JORGENSDESKTOP\.m2\repository\com\fasterxml\jackson\datatype\jackson-datatype-jsr310\2.18.3\jackson-datatype-jsr310-2.18.3.jar;C:\Users\jorge.JORGENSDESKTOP\.m2\repository\com\fasterxml\jackson\module\jackson-module-parameter-names\2.18.3\jackson-module-parameter-names-2.18.3.jar;C:\Users\jorge.JORGENSDESKTOP\.m2\repository\org\springframework\boot\spring-boot-starter-tomcat\3.4.5\spring-boot-starter-tomcat-3.4.5.jar;C:\Users\jorge.JORGENSDESKTOP\.m2\repository\org\apache\tomcat\embed\tomcat-embed-core\10.1.40\tomcat-embed-core-10.1.40.jar;C:\Users\jorge.JORGENSDESKTOP\.m2\repository\org\apache\tomcat\embed\tomcat-embed-el\10.1.40\tomcat-embed-el-10.1.40.jar;C:\Users\jorge.JORGENSDESKTOP\.m2\repository\org\apache\tomcat\embed\tomcat-embed-websocket\10.1.40\tomcat-embed-websocket-10.1.40.jar;C:\Users\jorge.JORGENSDESKTOP\.m2\repository\org\springframework\spring-web\6.2.6\spring-web-6.2.6.jar;C:\Users\jorge.JORGENSDESKTOP\.m2\repository\io\micrometer\micrometer-observation\1.14.6\micrometer-observation-1.14.6.jar;C:\Users\jorge.JORGENSDESKTOP\.m2\repository\io\micrometer\micrometer-commons\1.14.6\micrometer-commons-1.14.6.jar;C:\Users\jorge.JORGENSDESKTOP\.m2\repository\org\springframework\spring-webmvc\6.2.6\spring-webmvc-6.2.6.jar;C:\Users\jorge.JORGENSDESKTOP\.m2\repository\org\springframework\spring-expression\6.2.6\spring-expression-6.2.6.jar
Launcher Type: SUN_STANDARD

[Global flags]
     intx CICompilerCount                          = 12                                        {product} {ergonomic}
     uint ConcGCThreads                            = 3                                         {product} {ergonomic}
     bool FlightRecorder                           = true                                      {product} {management}
     uint G1ConcRefinementThreads                  = 13                                        {product} {ergonomic}
   size_t G1HeapRegionSize                         = 2097152                                   {product} {ergonomic}
   size_t InitialHeapSize                          = 268435456                                 {product} {ergonomic}
     bool ManagementServer                         = true                                      {product} {command line}
   size_t MarkStackSize                            = 4194304                                   {product} {ergonomic}
   size_t MarkStackSizeMax                         = 536870912                                 {product} {ergonomic}
   size_t MaxHeapSize                              = 4276092928                                {product} {ergonomic}
   size_t MaxNewSize                               = 2564816896                                {product} {ergonomic}
   size_t MinHeapDeltaBytes                        = 2097152                                   {product} {ergonomic}
   size_t MinHeapSize                              = 8388608                                   {product} {ergonomic}
    uintx NonNMethodCodeHeapSize                   = 4096                                   {pd product} {ergonomic}
    uintx NonProfiledCodeHeapSize                  = 0                                      {pd product} {ergonomic}
     bool ProfileInterpreter                       = false                                  {pd product} {command line}
    uintx ProfiledCodeHeapSize                     = 0                                      {pd product} {ergonomic}
   size_t SoftMaxHeapSize                          = 4276092928                             {manageable} {ergonomic}
     intx TieredStopAtLevel                        = 1                                         {product} {command line}
     bool UseCompressedOops                        = true                           {product lp64_product} {ergonomic}
     bool UseG1GC                                  = true                                      {product} {ergonomic}
     bool UseLargePagesIndividualAllocation        = false                                  {pd product} {ergonomic}

Logging:
Log output configuration:
 #0: stdout all=warning uptime,level,tags foldmultilines=false
 #1: stderr all=off uptime,level,tags foldmultilines=false

Environment Variables:
PATH=C:\Program Files (x86)\Common Files\Oracle\Java\java8path;C:\Program Files (x86)\Common Files\Oracle\Java\javapath;C:\WINDOWS\system32;C:\WINDOWS;C:\WINDOWS\System32\Wbem;C:\WINDOWS\System32\WindowsPowerShell\v1.0\;C:\WINDOWS\System32\OpenSSH\;C:\Program Files\NVIDIA Corporation\NVIDIA App\NvDLISR;C:\Program Files (x86)\NVIDIA Corporation\PhysX\Common;C:\Program Files\Git\cmd;C:\Users\jorge.JORGENSDESKTOP\.console-ninja\.bin;C:\Users\jorge.JORGENSDESKTOP\AppData\Local\Microsoft\WindowsApps;C:\Users\jorge.JORGENSDESKTOP\AppData\Local\Programs\Microsoft VS Code\bin;C:\Program Files\JetBrains\IntelliJ IDEA 2025.1\bin;
USERNAME=jorge
OS=Windows_NT
PROCESSOR_IDENTIFIER=AMD64 Family 23 Model 113 Stepping 0, AuthenticAMD
TMP=C:\Users\JORGE~1.JOR\AppData\Local\Temp
TEMP=C:\Users\JORGE~1.JOR\AppData\Local\Temp




Periodic native trim disabled

---------------  S Y S T E M  ---------------

OS:
 Windows 11 , 64 bit Build 26100 (10.0.26100.3775)
OS uptime: 0 days 6:47 hours

CPU: total 16 (initial active 16) (16 cores per cpu, 2 threads per core) family 23 model 113 stepping 0 microcode 0x8701021, cx8, cmov, fxsr, ht, mmx, 3dnowpref, sse, sse2, sse3, ssse3, sse4a, sse4.1, sse4.2, popcnt, lzcnt, tsc, tscinvbit, avx, avx2, aes, clmul, bmi1, bmi2, adx, sha, fma, vzeroupper, clflush, clflushopt, rdtscp, rdpid, f16c
Processor Information for the first 16 processors :
  Max Mhz: 3600, Current Mhz: 3600, Mhz Limit: 3600

Memory: 4k page, system-wide physical 16307M (4576M free)
TotalPageFile size 30131M (AvailPageFile size 8196M)
current process WorkingSet (physical memory assigned to process): 218M, peak: 218M
current process commit charge ("private bytes"): 292M, peak: 397M

vm_info: OpenJDK 64-Bit Server VM (24.0.1+9-30) for windows-amd64 JRE (24.0.1+9-30), built on 2025-03-05T07:23:45Z with MS VC++ 17.6 (VS2022)

END.
